<?xml version="1.0" encoding="UTF-8"?>
<!-- Generated by org.testng.reporters.JUnitReportReporter -->
<testsuite hostname="ar-it01770" name="com.globant.tests.Tests" tests="1" failures="0" timestamp="10 Dec 2015 17:46:02 GMT" time="108.969" errors="0">
  <testcase name="testSearchACruiseAndChecksIfTheInformationIsCorrectlyCharged" time="108.969" classname="com.globant.tests.Tests"/>
</testsuite> <!-- com.globant.tests.Tests -->
